<?xml version="1.0" encoding="UTF-8"?>
<!-- Generated by org.testng.reporters.JUnitReportReporter -->
<testsuite hostname="CHELENL564" failures="0" tests="5" name="CA_Maint_CECOR.CECOR_Ecom.TC_09_SPC_PropanePowered" time="14.106" errors="0" timestamp="2024-07-09T12:50:35 IST" skipped="0">
  <testcase classname="CA_Maint_CECOR.CECOR_Ecom.TC_09_SPC_PropanePowered" name="Propanepowered" time="2.997"/>
  <system-out/>
  <testcase classname="CA_Maint_CECOR.CECOR_Ecom.TC_09_SPC_PropanePowered" name="Propanepowered" time="2.084"/>
  <system-out/>
  <testcase classname="CA_Maint_CECOR.CECOR_Ecom.TC_09_SPC_PropanePowered" name="Propanepowered" time="2.164"/>
  <system-out/>
  <testcase classname="CA_Maint_CECOR.CECOR_Ecom.TC_09_SPC_PropanePowered" name="Propanepowered" time="2.414"/>
  <system-out/>
  <testcase classname="CA_Maint_CECOR.CECOR_Ecom.TC_09_SPC_PropanePowered" name="Propanepowered" time="4.447"/>
  <system-out/>
</testsuite> <!-- CA_Maint_CECOR.CECOR_Ecom.TC_09_SPC_PropanePowered -->
