<?xml version="1.0" encoding="UTF-8"?>
<!-- Generated by org.testng.reporters.JUnitReportReporter -->
<testsuite hostname="CHELENL564" failures="0" tests="1" name="CA_Maint_CECOR.CECOR_Ecom.TC05_Company" time="36.006" errors="0" timestamp="2024-08-21T08:34:16 IST" skipped="0">
  <testcase classname="CA_Maint_CECOR.CECOR_Ecom.TC05_Company" name="Company" time="36.006"/>
  <system-out/>
</testsuite> <!-- CA_Maint_CECOR.CECOR_Ecom.TC05_Company -->
