<?xml version="1.0" encoding="UTF-8"?>
<!-- Generated by org.testng.reporters.JUnitReportReporter -->
<testsuite hostname="CHELENL564" failures="0" tests="4" name="CA_Maint_CECOR.CECOR_Ecom.TC12_DISP_Singlephase" time="11.802" errors="0" timestamp="2024-08-21T08:34:16 IST" skipped="0">
  <testcase classname="CA_Maint_CECOR.CECOR_Ecom.TC12_DISP_Singlephase" name="Singlephase" time="3.487"/>
  <system-out/>
  <testcase classname="CA_Maint_CECOR.CECOR_Ecom.TC12_DISP_Singlephase" name="Singlephase" time="2.538"/>
  <system-out/>
  <testcase classname="CA_Maint_CECOR.CECOR_Ecom.TC12_DISP_Singlephase" name="Singlephase" time="2.845"/>
  <system-out/>
  <testcase classname="CA_Maint_CECOR.CECOR_Ecom.TC12_DISP_Singlephase" name="Singlephase" time="2.932"/>
  <system-out/>
</testsuite> <!-- CA_Maint_CECOR.CECOR_Ecom.TC12_DISP_Singlephase -->
