<?xml version="1.0" encoding="UTF-8"?>
<!-- Generated by org.testng.reporters.JUnitReportReporter -->
<testsuite hostname="LAPTOP-KHH0PNT6" failures="0" tests="1" name="cA_Ecom_Project.TC01_Login" time="6.461" errors="0" timestamp="2024-09-18T12:29:37 IST" skipped="0">
  <testcase classname="cA_Ecom_Project.TC01_Login" name="loginapp" time="6.461"/>
</testsuite> <!-- cA_Ecom_Project.TC01_Login -->
