<?xml version="1.0" encoding="UTF-8"?>
<!-- Generated by org.testng.reporters.JUnitReportReporter -->
<testsuite hostname="CHELENL564" failures="0" tests="1" name="CA_Maint_CECOR.CECOR_Ecom.TC19_SPC_Batteryoperated" time="0.000" errors="0" timestamp="2024-08-21T08:34:16 IST" skipped="1">
  <testcase classname="CA_Maint_CECOR.CECOR_Ecom.TC19_SPC_Batteryoperated" name="Batteryoperated" time="0.000">
    <skipped/>
  </testcase> <!-- Batteryoperated -->
  <system-out/>
</testsuite> <!-- CA_Maint_CECOR.CECOR_Ecom.TC19_SPC_Batteryoperated -->
