<?xml version="1.0" encoding="UTF-8"?>
<!-- Generated by org.testng.reporters.JUnitReportReporter -->
<testsuite hostname="CHELENL564" failures="0" tests="32" name="CA_Maint_CECOR.CECOR_Ecom.TC07_SPC_SinglephaseElectrSE15" time="207.143" errors="0" timestamp="2024-08-21T08:34:16 IST" skipped="0">
  <testcase classname="CA_Maint_CECOR.CECOR_Ecom.TC07_SPC_SinglephaseElectrSE15" name="SinglephaseElectric_SE15" time="7.639"/>
  <system-out/>
  <testcase classname="CA_Maint_CECOR.CECOR_Ecom.TC07_SPC_SinglephaseElectrSE15" name="SinglephaseElectric_SE15" time="9.021"/>
  <system-out/>
  <testcase classname="CA_Maint_CECOR.CECOR_Ecom.TC07_SPC_SinglephaseElectrSE15" name="SinglephaseElectric_SE15" time="4.525"/>
  <system-out/>
  <testcase classname="CA_Maint_CECOR.CECOR_Ecom.TC07_SPC_SinglephaseElectrSE15" name="SinglephaseElectric_SE15" time="4.533"/>
  <system-out/>
  <testcase classname="CA_Maint_CECOR.CECOR_Ecom.TC07_SPC_SinglephaseElectrSE15" name="SinglephaseElectric_SE15" time="4.425"/>
  <system-out/>
  <testcase classname="CA_Maint_CECOR.CECOR_Ecom.TC07_SPC_SinglephaseElectrSE15" name="SinglephaseElectric_SE15" time="4.766"/>
  <system-out/>
  <testcase classname="CA_Maint_CECOR.CECOR_Ecom.TC07_SPC_SinglephaseElectrSE15" name="SinglephaseElectric_SE15" time="8.801"/>
  <system-out/>
  <testcase classname="CA_Maint_CECOR.CECOR_Ecom.TC07_SPC_SinglephaseElectrSE15" name="SinglephaseElectric_SE15" time="4.548"/>
  <system-out/>
  <testcase classname="CA_Maint_CECOR.CECOR_Ecom.TC07_SPC_SinglephaseElectrSE15" name="SinglephaseElectric_SE15" time="6.899"/>
  <system-out/>
  <testcase classname="CA_Maint_CECOR.CECOR_Ecom.TC07_SPC_SinglephaseElectrSE15" name="SinglephaseElectric_SE15" time="5.734"/>
  <system-out/>
  <testcase classname="CA_Maint_CECOR.CECOR_Ecom.TC07_SPC_SinglephaseElectrSE15" name="SinglephaseElectric_SE15" time="7.338"/>
  <system-out/>
  <testcase classname="CA_Maint_CECOR.CECOR_Ecom.TC07_SPC_SinglephaseElectrSE15" name="SinglephaseElectric_SE15" time="4.749"/>
  <system-out/>
  <testcase classname="CA_Maint_CECOR.CECOR_Ecom.TC07_SPC_SinglephaseElectrSE15" name="SinglephaseElectric_SE15" time="8.516"/>
  <system-out/>
  <testcase classname="CA_Maint_CECOR.CECOR_Ecom.TC07_SPC_SinglephaseElectrSE15" name="SinglephaseElectric_SE15" time="6.110"/>
  <system-out/>
  <testcase classname="CA_Maint_CECOR.CECOR_Ecom.TC07_SPC_SinglephaseElectrSE15" name="SinglephaseElectric_SE15" time="4.687"/>
  <system-out/>
  <testcase classname="CA_Maint_CECOR.CECOR_Ecom.TC07_SPC_SinglephaseElectrSE15" name="SinglephaseElectric_SE15" time="11.030"/>
  <system-out/>
  <testcase classname="CA_Maint_CECOR.CECOR_Ecom.TC07_SPC_SinglephaseElectrSE15" name="SinglephaseElectric_SE15" time="7.717"/>
  <system-out/>
  <testcase classname="CA_Maint_CECOR.CECOR_Ecom.TC07_SPC_SinglephaseElectrSE15" name="SinglephaseElectric_SE15" time="4.543"/>
  <system-out/>
  <testcase classname="CA_Maint_CECOR.CECOR_Ecom.TC07_SPC_SinglephaseElectrSE15" name="SinglephaseElectric_SE15" time="4.430"/>
  <system-out/>
  <testcase classname="CA_Maint_CECOR.CECOR_Ecom.TC07_SPC_SinglephaseElectrSE15" name="SinglephaseElectric_SE15" time="5.471"/>
  <system-out/>
  <testcase classname="CA_Maint_CECOR.CECOR_Ecom.TC07_SPC_SinglephaseElectrSE15" name="SinglephaseElectric_SE15" time="4.471"/>
  <system-out/>
  <testcase classname="CA_Maint_CECOR.CECOR_Ecom.TC07_SPC_SinglephaseElectrSE15" name="SinglephaseElectric_SE15" time="4.716"/>
  <system-out/>
  <testcase classname="CA_Maint_CECOR.CECOR_Ecom.TC07_SPC_SinglephaseElectrSE15" name="SinglephaseElectric_SE15" time="6.757"/>
  <system-out/>
  <testcase classname="CA_Maint_CECOR.CECOR_Ecom.TC07_SPC_SinglephaseElectrSE15" name="SinglephaseElectric_SE15" time="13.922"/>
  <system-out/>
  <testcase classname="CA_Maint_CECOR.CECOR_Ecom.TC07_SPC_SinglephaseElectrSE15" name="SinglephaseElectric_SE15" time="11.930"/>
  <system-out/>
  <testcase classname="CA_Maint_CECOR.CECOR_Ecom.TC07_SPC_SinglephaseElectrSE15" name="SinglephaseElectric_SE15" time="9.288"/>
  <system-out/>
  <testcase classname="CA_Maint_CECOR.CECOR_Ecom.TC07_SPC_SinglephaseElectrSE15" name="SinglephaseElectric_SE15" time="4.552"/>
  <system-out/>
  <testcase classname="CA_Maint_CECOR.CECOR_Ecom.TC07_SPC_SinglephaseElectrSE15" name="SinglephaseElectric_SE15" time="4.581"/>
  <system-out/>
  <testcase classname="CA_Maint_CECOR.CECOR_Ecom.TC07_SPC_SinglephaseElectrSE15" name="SinglephaseElectric_SE15" time="4.555"/>
  <system-out/>
  <testcase classname="CA_Maint_CECOR.CECOR_Ecom.TC07_SPC_SinglephaseElectrSE15" name="SinglephaseElectric_SE15" time="4.495"/>
  <system-out/>
  <testcase classname="CA_Maint_CECOR.CECOR_Ecom.TC07_SPC_SinglephaseElectrSE15" name="SinglephaseElectric_SE15" time="4.668"/>
  <system-out/>
  <testcase classname="CA_Maint_CECOR.CECOR_Ecom.TC07_SPC_SinglephaseElectrSE15" name="SinglephaseElectric_SE15" time="7.726"/>
  <system-out/>
</testsuite> <!-- CA_Maint_CECOR.CECOR_Ecom.TC07_SPC_SinglephaseElectrSE15 -->
