<?xml version="1.0" encoding="UTF-8"?>
<!-- Generated by org.testng.reporters.JUnitReportReporter -->
<testsuite hostname="CHELENL564" failures="0" tests="4" name="CA_Maint_CECOR.CECOR_Ecom.TC09_Disp_Batteryoperated" time="10.249" errors="0" timestamp="2024-07-09T11:15:15 IST" skipped="0">
  <testcase classname="CA_Maint_CECOR.CECOR_Ecom.TC09_Disp_Batteryoperated" name="Batteryoperated" time="2.183"/>
  <system-out/>
  <testcase classname="CA_Maint_CECOR.CECOR_Ecom.TC09_Disp_Batteryoperated" name="Batteryoperated" time="3.115"/>
  <system-out/>
  <testcase classname="CA_Maint_CECOR.CECOR_Ecom.TC09_Disp_Batteryoperated" name="Batteryoperated" time="2.412"/>
  <system-out/>
  <testcase classname="CA_Maint_CECOR.CECOR_Ecom.TC09_Disp_Batteryoperated" name="Batteryoperated" time="2.539"/>
  <system-out/>
</testsuite> <!-- CA_Maint_CECOR.CECOR_Ecom.TC09_Disp_Batteryoperated -->
