<?xml version="1.0" encoding="UTF-8"?>
<!-- Generated by org.testng.reporters.JUnitReportReporter -->
<testsuite hostname="CHELENL564" failures="0" tests="12" name="CA_Maint_CECOR.CECOR_Ecom.TC16_CSCD_Singlephaseelect" time="62.595" errors="1" timestamp="2024-08-21T08:34:16 IST" skipped="0">
  <testcase classname="CA_Maint_CECOR.CECOR_Ecom.TC16_CSCD_Singlephaseelect" name="singlephaseelctric" time="3.218"/>
  <system-out/>
  <testcase classname="CA_Maint_CECOR.CECOR_Ecom.TC16_CSCD_Singlephaseelect" name="singlephaseelctric" time="3.291"/>
  <system-out/>
  <testcase classname="CA_Maint_CECOR.CECOR_Ecom.TC16_CSCD_Singlephaseelect" name="singlephaseelctric" time="4.933"/>
  <system-out/>
  <testcase classname="CA_Maint_CECOR.CECOR_Ecom.TC16_CSCD_Singlephaseelect" name="singlephaseelctric" time="7.702"/>
  <system-out/>
  <testcase classname="CA_Maint_CECOR.CECOR_Ecom.TC16_CSCD_Singlephaseelect" name="singlephaseelctric" time="8.800"/>
  <system-out/>
  <testcase classname="CA_Maint_CECOR.CECOR_Ecom.TC16_CSCD_Singlephaseelect" name="singlephaseelctric" time="3.833"/>
  <system-out/>
  <testcase classname="CA_Maint_CECOR.CECOR_Ecom.TC16_CSCD_Singlephaseelect" name="singlephaseelctric" time="7.701"/>
  <system-out/>
  <testcase classname="CA_Maint_CECOR.CECOR_Ecom.TC16_CSCD_Singlephaseelect" name="singlephaseelctric" time="4.197"/>
  <system-out/>
  <testcase classname="CA_Maint_CECOR.CECOR_Ecom.TC16_CSCD_Singlephaseelect" name="singlephaseelctric" time="4.937"/>
  <system-out/>
  <testcase classname="CA_Maint_CECOR.CECOR_Ecom.TC16_CSCD_Singlephaseelect" name="singlephaseelctric" time="3.332">
    <error type="java.lang.RuntimeException">
      <![CDATA[java.lang.RuntimeException
at Utils.Reporter.reportsteps(Reporter.java:56)
at Utils.Reporter.reportsteps(Reporter.java:66)
at Base.SeleniumBase.stringmatch(SeleniumBase.java:410)
at Pages.Combosump.Singlephaseelectric(Combosump.java:120)
at CA_Maint_CECOR.CECOR_Ecom.TC16_CSCD_Singlephaseelect.singlephaseelctric(TC16_CSCD_Singlephaseelect.java:26)
at java.base/jdk.internal.reflect.DirectMethodHandleAccessor.invoke(DirectMethodHandleAccessor.java:103)
at java.base/java.lang.reflect.Method.invoke(Method.java:580)
at org.testng.internal.MethodInvocationHelper.invokeMethod(MethodInvocationHelper.java:133)
at org.testng.internal.TestInvoker.invokeMethod(TestInvoker.java:598)
at org.testng.internal.TestInvoker.invokeTestMethod(TestInvoker.java:173)
at org.testng.internal.MethodRunner.runInSequence(MethodRunner.java:46)
at org.testng.internal.TestInvoker$MethodInvocationAgent.invoke(TestInvoker.java:824)
at org.testng.internal.TestInvoker.invokeTestMethods(TestInvoker.java:146)
at org.testng.internal.TestMethodWorker.invokeTestMethods(TestMethodWorker.java:146)
at org.testng.internal.TestMethodWorker.run(TestMethodWorker.java:128)
at java.base/java.util.concurrent.ThreadPoolExecutor.runWorker(ThreadPoolExecutor.java:1144)
at java.base/java.util.concurrent.ThreadPoolExecutor$Worker.run(ThreadPoolExecutor.java:642)
at java.base/java.lang.Thread.run(Thread.java:1570)
]]>
    </error>
  </testcase> <!-- singlephaseelctric -->
  <system-out/>
  <testcase classname="CA_Maint_CECOR.CECOR_Ecom.TC16_CSCD_Singlephaseelect" name="singlephaseelctric" time="4.184"/>
  <system-out/>
  <testcase classname="CA_Maint_CECOR.CECOR_Ecom.TC16_CSCD_Singlephaseelect" name="singlephaseelctric" time="6.467"/>
  <system-out/>
</testsuite> <!-- CA_Maint_CECOR.CECOR_Ecom.TC16_CSCD_Singlephaseelect -->
