<?xml version="1.0" encoding="UTF-8"?>
<!-- Generated by org.testng.reporters.JUnitReportReporter -->
<testsuite hostname="CHELENL564" failures="0" tests="5" name="CA_Maint_CECOR.CECOR_Ecom.TC09_SPC_PropanePowered" time="22.652" errors="0" timestamp="2024-08-21T08:34:16 IST" skipped="0">
  <testcase classname="CA_Maint_CECOR.CECOR_Ecom.TC09_SPC_PropanePowered" name="Propanepowered" time="7.550"/>
  <system-out/>
  <testcase classname="CA_Maint_CECOR.CECOR_Ecom.TC09_SPC_PropanePowered" name="Propanepowered" time="4.207"/>
  <system-out/>
  <testcase classname="CA_Maint_CECOR.CECOR_Ecom.TC09_SPC_PropanePowered" name="Propanepowered" time="3.023"/>
  <system-out/>
  <testcase classname="CA_Maint_CECOR.CECOR_Ecom.TC09_SPC_PropanePowered" name="Propanepowered" time="4.229"/>
  <system-out/>
  <testcase classname="CA_Maint_CECOR.CECOR_Ecom.TC09_SPC_PropanePowered" name="Propanepowered" time="3.643"/>
  <system-out/>
</testsuite> <!-- CA_Maint_CECOR.CECOR_Ecom.TC09_SPC_PropanePowered -->
