<?xml version="1.0" encoding="UTF-8"?>
<!-- Generated by org.testng.reporters.JUnitReportReporter -->
<testsuite hostname="CHELENL564" failures="0" tests="32" name="CA_Maint_CECOR.CECOR_Ecom.TC06_SPC_Airpowered" time="128.360" errors="1" timestamp="2024-08-21T08:34:16 IST" skipped="0">
  <testcase classname="CA_Maint_CECOR.CECOR_Ecom.TC06_SPC_Airpowered" name="Products" time="3.739"/>
  <system-out/>
  <testcase classname="CA_Maint_CECOR.CECOR_Ecom.TC06_SPC_Airpowered" name="Products" time="3.871">
    <error type="java.lang.RuntimeException">
      <![CDATA[java.lang.RuntimeException
at Utils.Reporter.reportsteps(Reporter.java:56)
at Utils.Reporter.reportsteps(Reporter.java:66)
at Base.SeleniumBase.stringmatch(SeleniumBase.java:410)
at Pages.Sumpcleaner.Airpowered(Sumpcleaner.java:60)
at CA_Maint_CECOR.CECOR_Ecom.TC06_SPC_Airpowered.Products(TC06_SPC_Airpowered.java:26)
at java.base/jdk.internal.reflect.DirectMethodHandleAccessor.invoke(DirectMethodHandleAccessor.java:103)
at java.base/java.lang.reflect.Method.invoke(Method.java:580)
at org.testng.internal.MethodInvocationHelper.invokeMethod(MethodInvocationHelper.java:133)
at org.testng.internal.TestInvoker.invokeMethod(TestInvoker.java:598)
at org.testng.internal.TestInvoker.invokeTestMethod(TestInvoker.java:173)
at org.testng.internal.MethodRunner.runInSequence(MethodRunner.java:46)
at org.testng.internal.TestInvoker$MethodInvocationAgent.invoke(TestInvoker.java:824)
at org.testng.internal.TestInvoker.invokeTestMethods(TestInvoker.java:146)
at org.testng.internal.TestMethodWorker.invokeTestMethods(TestMethodWorker.java:146)
at org.testng.internal.TestMethodWorker.run(TestMethodWorker.java:128)
at java.base/java.util.concurrent.ThreadPoolExecutor.runWorker(ThreadPoolExecutor.java:1144)
at java.base/java.util.concurrent.ThreadPoolExecutor$Worker.run(ThreadPoolExecutor.java:642)
at java.base/java.lang.Thread.run(Thread.java:1570)
]]>
    </error>
  </testcase> <!-- Products -->
  <system-out/>
  <testcase classname="CA_Maint_CECOR.CECOR_Ecom.TC06_SPC_Airpowered" name="Products" time="5.975"/>
  <system-out/>
  <testcase classname="CA_Maint_CECOR.CECOR_Ecom.TC06_SPC_Airpowered" name="Products" time="4.016"/>
  <system-out/>
  <testcase classname="CA_Maint_CECOR.CECOR_Ecom.TC06_SPC_Airpowered" name="Products" time="3.463"/>
  <system-out/>
  <testcase classname="CA_Maint_CECOR.CECOR_Ecom.TC06_SPC_Airpowered" name="Products" time="4.367"/>
  <system-out/>
  <testcase classname="CA_Maint_CECOR.CECOR_Ecom.TC06_SPC_Airpowered" name="Products" time="3.898"/>
  <system-out/>
  <testcase classname="CA_Maint_CECOR.CECOR_Ecom.TC06_SPC_Airpowered" name="Products" time="2.929"/>
  <system-out/>
  <testcase classname="CA_Maint_CECOR.CECOR_Ecom.TC06_SPC_Airpowered" name="Products" time="3.820"/>
  <system-out/>
  <testcase classname="CA_Maint_CECOR.CECOR_Ecom.TC06_SPC_Airpowered" name="Products" time="4.798"/>
  <system-out/>
  <testcase classname="CA_Maint_CECOR.CECOR_Ecom.TC06_SPC_Airpowered" name="Products" time="2.935"/>
  <system-out/>
  <testcase classname="CA_Maint_CECOR.CECOR_Ecom.TC06_SPC_Airpowered" name="Products" time="6.622"/>
  <system-out/>
  <testcase classname="CA_Maint_CECOR.CECOR_Ecom.TC06_SPC_Airpowered" name="Products" time="4.176"/>
  <system-out/>
  <testcase classname="CA_Maint_CECOR.CECOR_Ecom.TC06_SPC_Airpowered" name="Products" time="2.435"/>
  <system-out/>
  <testcase classname="CA_Maint_CECOR.CECOR_Ecom.TC06_SPC_Airpowered" name="Products" time="4.462"/>
  <system-out/>
  <testcase classname="CA_Maint_CECOR.CECOR_Ecom.TC06_SPC_Airpowered" name="Products" time="3.202"/>
  <system-out/>
  <testcase classname="CA_Maint_CECOR.CECOR_Ecom.TC06_SPC_Airpowered" name="Products" time="2.790"/>
  <system-out/>
  <testcase classname="CA_Maint_CECOR.CECOR_Ecom.TC06_SPC_Airpowered" name="Products" time="4.199"/>
  <system-out/>
  <testcase classname="CA_Maint_CECOR.CECOR_Ecom.TC06_SPC_Airpowered" name="Products" time="3.683"/>
  <system-out/>
  <testcase classname="CA_Maint_CECOR.CECOR_Ecom.TC06_SPC_Airpowered" name="Products" time="4.188"/>
  <system-out/>
  <testcase classname="CA_Maint_CECOR.CECOR_Ecom.TC06_SPC_Airpowered" name="Products" time="4.319"/>
  <system-out/>
  <testcase classname="CA_Maint_CECOR.CECOR_Ecom.TC06_SPC_Airpowered" name="Products" time="4.715"/>
  <system-out/>
  <testcase classname="CA_Maint_CECOR.CECOR_Ecom.TC06_SPC_Airpowered" name="Products" time="2.204"/>
  <system-out/>
  <testcase classname="CA_Maint_CECOR.CECOR_Ecom.TC06_SPC_Airpowered" name="Products" time="4.011"/>
  <system-out/>
  <testcase classname="CA_Maint_CECOR.CECOR_Ecom.TC06_SPC_Airpowered" name="Products" time="2.747"/>
  <system-out/>
  <testcase classname="CA_Maint_CECOR.CECOR_Ecom.TC06_SPC_Airpowered" name="Products" time="5.783"/>
  <system-out/>
  <testcase classname="CA_Maint_CECOR.CECOR_Ecom.TC06_SPC_Airpowered" name="Products" time="2.166"/>
  <system-out/>
  <testcase classname="CA_Maint_CECOR.CECOR_Ecom.TC06_SPC_Airpowered" name="Products" time="4.894"/>
  <system-out/>
  <testcase classname="CA_Maint_CECOR.CECOR_Ecom.TC06_SPC_Airpowered" name="Products" time="5.289"/>
  <system-out/>
  <testcase classname="CA_Maint_CECOR.CECOR_Ecom.TC06_SPC_Airpowered" name="Products" time="4.504"/>
  <system-out/>
  <testcase classname="CA_Maint_CECOR.CECOR_Ecom.TC06_SPC_Airpowered" name="Products" time="2.199"/>
  <system-out/>
  <testcase classname="CA_Maint_CECOR.CECOR_Ecom.TC06_SPC_Airpowered" name="Products" time="5.961"/>
  <system-out/>
</testsuite> <!-- CA_Maint_CECOR.CECOR_Ecom.TC06_SPC_Airpowered -->
