<?xml version="1.0" encoding="UTF-8"?>
<!-- Generated by org.testng.reporters.JUnitReportReporter -->
<testsuite hostname="CHELENL564" failures="0" tests="15" name="CA_Maint_CECOR.CECOR_Ecom.TC08_SPC_Threephase" time="59.405" errors="0" timestamp="2024-08-21T08:34:16 IST" skipped="0">
  <testcase classname="CA_Maint_CECOR.CECOR_Ecom.TC08_SPC_Threephase" name="Threephaseelectric" time="5.043"/>
  <system-out/>
  <testcase classname="CA_Maint_CECOR.CECOR_Ecom.TC08_SPC_Threephase" name="Threephaseelectric" time="4.614"/>
  <system-out/>
  <testcase classname="CA_Maint_CECOR.CECOR_Ecom.TC08_SPC_Threephase" name="Threephaseelectric" time="4.122"/>
  <system-out/>
  <testcase classname="CA_Maint_CECOR.CECOR_Ecom.TC08_SPC_Threephase" name="Threephaseelectric" time="4.660"/>
  <system-out/>
  <testcase classname="CA_Maint_CECOR.CECOR_Ecom.TC08_SPC_Threephase" name="Threephaseelectric" time="3.562"/>
  <system-out/>
  <testcase classname="CA_Maint_CECOR.CECOR_Ecom.TC08_SPC_Threephase" name="Threephaseelectric" time="4.101"/>
  <system-out/>
  <testcase classname="CA_Maint_CECOR.CECOR_Ecom.TC08_SPC_Threephase" name="Threephaseelectric" time="3.137"/>
  <system-out/>
  <testcase classname="CA_Maint_CECOR.CECOR_Ecom.TC08_SPC_Threephase" name="Threephaseelectric" time="3.714"/>
  <system-out/>
  <testcase classname="CA_Maint_CECOR.CECOR_Ecom.TC08_SPC_Threephase" name="Threephaseelectric" time="3.341"/>
  <system-out/>
  <testcase classname="CA_Maint_CECOR.CECOR_Ecom.TC08_SPC_Threephase" name="Threephaseelectric" time="4.613"/>
  <system-out/>
  <testcase classname="CA_Maint_CECOR.CECOR_Ecom.TC08_SPC_Threephase" name="Threephaseelectric" time="4.006"/>
  <system-out/>
  <testcase classname="CA_Maint_CECOR.CECOR_Ecom.TC08_SPC_Threephase" name="Threephaseelectric" time="5.144"/>
  <system-out/>
  <testcase classname="CA_Maint_CECOR.CECOR_Ecom.TC08_SPC_Threephase" name="Threephaseelectric" time="2.703"/>
  <system-out/>
  <testcase classname="CA_Maint_CECOR.CECOR_Ecom.TC08_SPC_Threephase" name="Threephaseelectric" time="3.450"/>
  <system-out/>
  <testcase classname="CA_Maint_CECOR.CECOR_Ecom.TC08_SPC_Threephase" name="Threephaseelectric" time="3.195"/>
  <system-out/>
</testsuite> <!-- CA_Maint_CECOR.CECOR_Ecom.TC08_SPC_Threephase -->
