<?xml version="1.0" encoding="UTF-8"?>
<!-- Generated by org.testng.reporters.JUnitReportReporter -->
<testsuite hostname="CHELENL564" failures="0" tests="2" name="CA_Maint_CECOR.CECOR_Ecom.TC18_DT_Singlephaselec" time="11.666" errors="0" timestamp="2024-08-21T08:34:16 IST" skipped="0">
  <testcase classname="CA_Maint_CECOR.CECOR_Ecom.TC18_DT_Singlephaselec" name="SinglePhaseelectric" time="4.917"/>
  <system-out/>
  <testcase classname="CA_Maint_CECOR.CECOR_Ecom.TC18_DT_Singlephaselec" name="SinglePhaseelectric" time="6.749"/>
  <system-out/>
</testsuite> <!-- CA_Maint_CECOR.CECOR_Ecom.TC18_DT_Singlephaselec -->
