<?xml version="1.0" encoding="UTF-8"?>
<!-- Generated by org.testng.reporters.JUnitReportReporter -->
<testsuite hostname="CHELENL564" failures="0" tests="4" name="CA_Maint_CECOR.CECOR_Ecom.TC11_DISP_Singlephase" time="9.932" errors="0" timestamp="2024-07-09T12:33:19 IST" skipped="0">
  <testcase classname="CA_Maint_CECOR.CECOR_Ecom.TC11_DISP_Singlephase" name="Singlephase" time="2.152"/>
  <system-out/>
  <testcase classname="CA_Maint_CECOR.CECOR_Ecom.TC11_DISP_Singlephase" name="Singlephase" time="2.347"/>
  <system-out/>
  <testcase classname="CA_Maint_CECOR.CECOR_Ecom.TC11_DISP_Singlephase" name="Singlephase" time="2.119"/>
  <system-out/>
  <testcase classname="CA_Maint_CECOR.CECOR_Ecom.TC11_DISP_Singlephase" name="Singlephase" time="3.314"/>
  <system-out/>
</testsuite> <!-- CA_Maint_CECOR.CECOR_Ecom.TC11_DISP_Singlephase -->
