<?xml version="1.0" encoding="UTF-8"?>
<!-- Generated by org.testng.reporters.JUnitReportReporter -->
<testsuite hostname="CHELENL564" failures="0" tests="4" name="CA_Maint_CECOR.CECOR_Ecom.TC13_DISP_Gravity" time="12.286" errors="0" timestamp="2024-08-21T08:34:16 IST" skipped="0">
  <testcase classname="CA_Maint_CECOR.CECOR_Ecom.TC13_DISP_Gravity" name="Gravitypowered" time="3.735"/>
  <system-out/>
  <testcase classname="CA_Maint_CECOR.CECOR_Ecom.TC13_DISP_Gravity" name="Gravitypowered" time="2.529"/>
  <system-out/>
  <testcase classname="CA_Maint_CECOR.CECOR_Ecom.TC13_DISP_Gravity" name="Gravitypowered" time="4.100"/>
  <system-out/>
  <testcase classname="CA_Maint_CECOR.CECOR_Ecom.TC13_DISP_Gravity" name="Gravitypowered" time="1.922"/>
  <system-out/>
</testsuite> <!-- CA_Maint_CECOR.CECOR_Ecom.TC13_DISP_Gravity -->
