<?xml version="1.0" encoding="UTF-8"?>
<!-- Generated by org.testng.reporters.JUnitReportReporter -->
<testsuite hostname="CHELENL564" failures="0" tests="8" name="CA_Maint_CECOR.CECOR_Ecom.TC06_Sumpcleaner" time="19.137" errors="0" timestamp="2024-07-08T17:26:54 IST" skipped="0">
  <testcase classname="CA_Maint_CECOR.CECOR_Ecom.TC06_Sumpcleaner" name="Products" time="2.192"/>
  <system-out/>
  <testcase classname="CA_Maint_CECOR.CECOR_Ecom.TC06_Sumpcleaner" name="Products" time="2.485"/>
  <system-out/>
  <testcase classname="CA_Maint_CECOR.CECOR_Ecom.TC06_Sumpcleaner" name="Products" time="2.174"/>
  <system-out/>
  <testcase classname="CA_Maint_CECOR.CECOR_Ecom.TC06_Sumpcleaner" name="Products" time="2.164"/>
  <system-out/>
  <testcase classname="CA_Maint_CECOR.CECOR_Ecom.TC06_Sumpcleaner" name="Products" time="2.051"/>
  <system-out/>
  <testcase classname="CA_Maint_CECOR.CECOR_Ecom.TC06_Sumpcleaner" name="Products" time="3.427"/>
  <system-out/>
  <testcase classname="CA_Maint_CECOR.CECOR_Ecom.TC06_Sumpcleaner" name="Products" time="2.161"/>
  <system-out/>
  <testcase classname="CA_Maint_CECOR.CECOR_Ecom.TC06_Sumpcleaner" name="Products" time="2.483"/>
  <system-out/>
</testsuite> <!-- CA_Maint_CECOR.CECOR_Ecom.TC06_Sumpcleaner -->
