<?xml version="1.0" encoding="UTF-8"?>
<!-- Generated by org.testng.reporters.JUnitReportReporter -->
<testsuite hostname="CHELENL564" failures="0" tests="1" name="CA_Maint_CECOR.CECOR_Ecom.TC02_Homepage" time="16.431" errors="0" timestamp="2024-06-27T10:50:10 IST" skipped="0">
  <testcase classname="CA_Maint_CECOR.CECOR_Ecom.TC02_Homepage" name="homepage" time="16.431"/>
  <system-out/>
</testsuite> <!-- CA_Maint_CECOR.CECOR_Ecom.TC02_Homepage -->
