<?xml version="1.0" encoding="UTF-8"?>
<!-- Generated by org.testng.reporters.JUnitReportReporter -->
<testsuite hostname="CHELENL564" failures="0" tests="4" name="CA_Maint_CECOR.CECOR_Ecom.TC10_DISP_Airpowered" time="9.390" errors="0" timestamp="2024-07-09T11:56:00 IST" skipped="0">
  <testcase classname="CA_Maint_CECOR.CECOR_Ecom.TC10_DISP_Airpowered" name="Airpowered" time="2.224"/>
  <system-out/>
  <testcase classname="CA_Maint_CECOR.CECOR_Ecom.TC10_DISP_Airpowered" name="Airpowered" time="2.911"/>
  <system-out/>
  <testcase classname="CA_Maint_CECOR.CECOR_Ecom.TC10_DISP_Airpowered" name="Airpowered" time="2.115"/>
  <system-out/>
  <testcase classname="CA_Maint_CECOR.CECOR_Ecom.TC10_DISP_Airpowered" name="Airpowered" time="2.140"/>
  <system-out/>
</testsuite> <!-- CA_Maint_CECOR.CECOR_Ecom.TC10_DISP_Airpowered -->
