<?xml version="1.0" encoding="UTF-8"?>
<!-- Generated by org.testng.reporters.JUnitReportReporter -->
<testsuite hostname="CHELENL564" failures="0" tests="28" name="CA_Maint_CECOR.CECOR_Ecom.TC14_SPC_SinglephaseSE10" time="160.015" errors="0" timestamp="2024-08-21T08:34:16 IST" skipped="0">
  <testcase classname="CA_Maint_CECOR.CECOR_Ecom.TC14_SPC_SinglephaseSE10" name="SinglephaseElectric_SE10" time="7.838"/>
  <system-out/>
  <testcase classname="CA_Maint_CECOR.CECOR_Ecom.TC14_SPC_SinglephaseSE10" name="SinglephaseElectric_SE10" time="5.518"/>
  <system-out/>
  <testcase classname="CA_Maint_CECOR.CECOR_Ecom.TC14_SPC_SinglephaseSE10" name="SinglephaseElectric_SE10" time="3.505"/>
  <system-out/>
  <testcase classname="CA_Maint_CECOR.CECOR_Ecom.TC14_SPC_SinglephaseSE10" name="SinglephaseElectric_SE10" time="6.299"/>
  <system-out/>
  <testcase classname="CA_Maint_CECOR.CECOR_Ecom.TC14_SPC_SinglephaseSE10" name="SinglephaseElectric_SE10" time="4.118"/>
  <system-out/>
  <testcase classname="CA_Maint_CECOR.CECOR_Ecom.TC14_SPC_SinglephaseSE10" name="SinglephaseElectric_SE10" time="6.706"/>
  <system-out/>
  <testcase classname="CA_Maint_CECOR.CECOR_Ecom.TC14_SPC_SinglephaseSE10" name="SinglephaseElectric_SE10" time="4.877"/>
  <system-out/>
  <testcase classname="CA_Maint_CECOR.CECOR_Ecom.TC14_SPC_SinglephaseSE10" name="SinglephaseElectric_SE10" time="6.787"/>
  <system-out/>
  <testcase classname="CA_Maint_CECOR.CECOR_Ecom.TC14_SPC_SinglephaseSE10" name="SinglephaseElectric_SE10" time="5.932"/>
  <system-out/>
  <testcase classname="CA_Maint_CECOR.CECOR_Ecom.TC14_SPC_SinglephaseSE10" name="SinglephaseElectric_SE10" time="4.993"/>
  <system-out/>
  <testcase classname="CA_Maint_CECOR.CECOR_Ecom.TC14_SPC_SinglephaseSE10" name="SinglephaseElectric_SE10" time="5.120"/>
  <system-out/>
  <testcase classname="CA_Maint_CECOR.CECOR_Ecom.TC14_SPC_SinglephaseSE10" name="SinglephaseElectric_SE10" time="4.327"/>
  <system-out/>
  <testcase classname="CA_Maint_CECOR.CECOR_Ecom.TC14_SPC_SinglephaseSE10" name="SinglephaseElectric_SE10" time="5.294"/>
  <system-out/>
  <testcase classname="CA_Maint_CECOR.CECOR_Ecom.TC14_SPC_SinglephaseSE10" name="SinglephaseElectric_SE10" time="7.248"/>
  <system-out/>
  <testcase classname="CA_Maint_CECOR.CECOR_Ecom.TC14_SPC_SinglephaseSE10" name="SinglephaseElectric_SE10" time="7.916"/>
  <system-out/>
  <testcase classname="CA_Maint_CECOR.CECOR_Ecom.TC14_SPC_SinglephaseSE10" name="SinglephaseElectric_SE10" time="5.305"/>
  <system-out/>
  <testcase classname="CA_Maint_CECOR.CECOR_Ecom.TC14_SPC_SinglephaseSE10" name="SinglephaseElectric_SE10" time="4.384"/>
  <system-out/>
  <testcase classname="CA_Maint_CECOR.CECOR_Ecom.TC14_SPC_SinglephaseSE10" name="SinglephaseElectric_SE10" time="5.702"/>
  <system-out/>
  <testcase classname="CA_Maint_CECOR.CECOR_Ecom.TC14_SPC_SinglephaseSE10" name="SinglephaseElectric_SE10" time="6.532"/>
  <system-out/>
  <testcase classname="CA_Maint_CECOR.CECOR_Ecom.TC14_SPC_SinglephaseSE10" name="SinglephaseElectric_SE10" time="6.191"/>
  <system-out/>
  <testcase classname="CA_Maint_CECOR.CECOR_Ecom.TC14_SPC_SinglephaseSE10" name="SinglephaseElectric_SE10" time="4.201"/>
  <system-out/>
  <testcase classname="CA_Maint_CECOR.CECOR_Ecom.TC14_SPC_SinglephaseSE10" name="SinglephaseElectric_SE10" time="8.071"/>
  <system-out/>
  <testcase classname="CA_Maint_CECOR.CECOR_Ecom.TC14_SPC_SinglephaseSE10" name="SinglephaseElectric_SE10" time="6.764"/>
  <system-out/>
  <testcase classname="CA_Maint_CECOR.CECOR_Ecom.TC14_SPC_SinglephaseSE10" name="SinglephaseElectric_SE10" time="6.803"/>
  <system-out/>
  <testcase classname="CA_Maint_CECOR.CECOR_Ecom.TC14_SPC_SinglephaseSE10" name="SinglephaseElectric_SE10" time="5.431"/>
  <system-out/>
  <testcase classname="CA_Maint_CECOR.CECOR_Ecom.TC14_SPC_SinglephaseSE10" name="SinglephaseElectric_SE10" time="5.600"/>
  <system-out/>
  <testcase classname="CA_Maint_CECOR.CECOR_Ecom.TC14_SPC_SinglephaseSE10" name="SinglephaseElectric_SE10" time="3.758"/>
  <system-out/>
  <testcase classname="CA_Maint_CECOR.CECOR_Ecom.TC14_SPC_SinglephaseSE10" name="SinglephaseElectric_SE10" time="4.795"/>
  <system-out/>
</testsuite> <!-- CA_Maint_CECOR.CECOR_Ecom.TC14_SPC_SinglephaseSE10 -->
