<?xml version="1.0" encoding="UTF-8"?>
<!-- Generated by org.testng.reporters.JUnitReportReporter -->
<testsuite hostname="CHELENL564" failures="0" tests="12" name="CA_Maint_CECOR.CECOR_Ecom.TC20_CRT_Lowprofile" time="80.649" errors="0" timestamp="2024-08-21T08:34:16 IST" skipped="0">
  <testcase classname="CA_Maint_CECOR.CECOR_Ecom.TC20_CRT_Lowprofile" name="lowprofile4_9" time="5.521"/>
  <system-out/>
  <testcase classname="CA_Maint_CECOR.CECOR_Ecom.TC20_CRT_Lowprofile" name="lowprofile4_9" time="10.419"/>
  <system-out/>
  <testcase classname="CA_Maint_CECOR.CECOR_Ecom.TC20_CRT_Lowprofile" name="lowprofile4_9" time="4.356"/>
  <system-out/>
  <testcase classname="CA_Maint_CECOR.CECOR_Ecom.TC20_CRT_Lowprofile" name="lowprofile4_9" time="8.649"/>
  <system-out/>
  <testcase classname="CA_Maint_CECOR.CECOR_Ecom.TC20_CRT_Lowprofile" name="lowprofile4_9" time="5.118"/>
  <system-out/>
  <testcase classname="CA_Maint_CECOR.CECOR_Ecom.TC20_CRT_Lowprofile" name="lowprofile4_9" time="8.833"/>
  <system-out/>
  <testcase classname="CA_Maint_CECOR.CECOR_Ecom.TC20_CRT_Lowprofile" name="lowprofile4_9" time="5.418"/>
  <system-out/>
  <testcase classname="CA_Maint_CECOR.CECOR_Ecom.TC20_CRT_Lowprofile" name="lowprofile4_9" time="7.332"/>
  <system-out/>
  <testcase classname="CA_Maint_CECOR.CECOR_Ecom.TC20_CRT_Lowprofile" name="lowprofile4_9" time="6.055"/>
  <system-out/>
  <testcase classname="CA_Maint_CECOR.CECOR_Ecom.TC20_CRT_Lowprofile" name="lowprofile4_9" time="5.953"/>
  <system-out/>
  <testcase classname="CA_Maint_CECOR.CECOR_Ecom.TC20_CRT_Lowprofile" name="lowprofile4_9" time="6.184"/>
  <system-out/>
  <testcase classname="CA_Maint_CECOR.CECOR_Ecom.TC20_CRT_Lowprofile" name="lowprofile4_9" time="6.811"/>
  <system-out/>
</testsuite> <!-- CA_Maint_CECOR.CECOR_Ecom.TC20_CRT_Lowprofile -->
