<?xml version="1.0" encoding="UTF-8"?>
<!-- Generated by org.testng.reporters.JUnitReportReporter -->
<testsuite hostname="CHELENL564" failures="0" tests="4" name="CA_Maint_CECOR.CECOR_Ecom.TC10_Disp_Batteryoperated" time="12.692" errors="0" timestamp="2024-08-21T08:34:16 IST" skipped="0">
  <testcase classname="CA_Maint_CECOR.CECOR_Ecom.TC10_Disp_Batteryoperated" name="Batteryoperated" time="3.641"/>
  <system-out/>
  <testcase classname="CA_Maint_CECOR.CECOR_Ecom.TC10_Disp_Batteryoperated" name="Batteryoperated" time="3.334"/>
  <system-out/>
  <testcase classname="CA_Maint_CECOR.CECOR_Ecom.TC10_Disp_Batteryoperated" name="Batteryoperated" time="2.648"/>
  <system-out/>
  <testcase classname="CA_Maint_CECOR.CECOR_Ecom.TC10_Disp_Batteryoperated" name="Batteryoperated" time="3.069"/>
  <system-out/>
</testsuite> <!-- CA_Maint_CECOR.CECOR_Ecom.TC10_Disp_Batteryoperated -->
