<?xml version="1.0" encoding="UTF-8"?>
<!-- Generated by org.testng.reporters.JUnitReportReporter -->
<testsuite hostname="CHELENL564" failures="0" tests="12" name="CA_Maint_CECOR.CECOR_Ecom.TC15_CSCD_Airpowered" time="60.110" errors="0" timestamp="2024-08-21T08:34:16 IST" skipped="0">
  <testcase classname="CA_Maint_CECOR.CECOR_Ecom.TC15_CSCD_Airpowered" name="Airpowered" time="4.249"/>
  <system-out/>
  <testcase classname="CA_Maint_CECOR.CECOR_Ecom.TC15_CSCD_Airpowered" name="Airpowered" time="5.350"/>
  <system-out/>
  <testcase classname="CA_Maint_CECOR.CECOR_Ecom.TC15_CSCD_Airpowered" name="Airpowered" time="5.154"/>
  <system-out/>
  <testcase classname="CA_Maint_CECOR.CECOR_Ecom.TC15_CSCD_Airpowered" name="Airpowered" time="5.500"/>
  <system-out/>
  <testcase classname="CA_Maint_CECOR.CECOR_Ecom.TC15_CSCD_Airpowered" name="Airpowered" time="4.063"/>
  <system-out/>
  <testcase classname="CA_Maint_CECOR.CECOR_Ecom.TC15_CSCD_Airpowered" name="Airpowered" time="4.510"/>
  <system-out/>
  <testcase classname="CA_Maint_CECOR.CECOR_Ecom.TC15_CSCD_Airpowered" name="Airpowered" time="7.947"/>
  <system-out/>
  <testcase classname="CA_Maint_CECOR.CECOR_Ecom.TC15_CSCD_Airpowered" name="Airpowered" time="5.170"/>
  <system-out/>
  <testcase classname="CA_Maint_CECOR.CECOR_Ecom.TC15_CSCD_Airpowered" name="Airpowered" time="6.623"/>
  <system-out/>
  <testcase classname="CA_Maint_CECOR.CECOR_Ecom.TC15_CSCD_Airpowered" name="Airpowered" time="4.957"/>
  <system-out/>
  <testcase classname="CA_Maint_CECOR.CECOR_Ecom.TC15_CSCD_Airpowered" name="Airpowered" time="3.661"/>
  <system-out/>
  <testcase classname="CA_Maint_CECOR.CECOR_Ecom.TC15_CSCD_Airpowered" name="Airpowered" time="2.926"/>
  <system-out/>
</testsuite> <!-- CA_Maint_CECOR.CECOR_Ecom.TC15_CSCD_Airpowered -->
