<?xml version="1.0" encoding="UTF-8"?>
<!-- Generated by org.testng.reporters.JUnitReportReporter -->
<testsuite hostname="CHELENL564" failures="0" tests="8" name="CA_Maint_CECOR.CECOR_Ecom.TC07_SPC_SinglephaseElectr" time="52.154" errors="1" timestamp="2024-07-09T15:12:21 IST" skipped="0">
  <testcase classname="CA_Maint_CECOR.CECOR_Ecom.TC07_SPC_SinglephaseElectr" name="SinglephaseElectric_SE15" time="5.994"/>
  <system-out/>
  <testcase classname="CA_Maint_CECOR.CECOR_Ecom.TC07_SPC_SinglephaseElectr" name="SinglephaseElectric_SE15" time="6.294"/>
  <system-out/>
  <testcase classname="CA_Maint_CECOR.CECOR_Ecom.TC07_SPC_SinglephaseElectr" name="SinglephaseElectric_SE15" time="6.334"/>
  <system-out/>
  <testcase classname="CA_Maint_CECOR.CECOR_Ecom.TC07_SPC_SinglephaseElectr" name="SinglephaseElectric_SE15" time="5.947"/>
  <system-out/>
  <testcase classname="CA_Maint_CECOR.CECOR_Ecom.TC07_SPC_SinglephaseElectr" name="SinglephaseElectric_SE15" time="6.364"/>
  <system-out/>
  <testcase classname="CA_Maint_CECOR.CECOR_Ecom.TC07_SPC_SinglephaseElectr" name="SinglephaseElectric_SE15" time="6.007"/>
  <system-out/>
  <testcase classname="CA_Maint_CECOR.CECOR_Ecom.TC07_SPC_SinglephaseElectr" name="SinglephaseElectric_SE15" time="6.458">
    <error type="java.lang.RuntimeException">
      <![CDATA[java.lang.RuntimeException
at Utils.Reporter.reportsteps(Reporter.java:56)
at Utils.Reporter.reportsteps(Reporter.java:66)
at Base.SeleniumBase.stringmatch(SeleniumBase.java:410)
at Pages.Sumpcleaner.SinglephaseElectric_SE15(Sumpcleaner.java:134)
at CA_Maint_CECOR.CECOR_Ecom.TC07_SPC_SinglephaseElectr.SinglephaseElectric_SE15(TC07_SPC_SinglephaseElectr.java:26)
at java.base/jdk.internal.reflect.DirectMethodHandleAccessor.invoke(DirectMethodHandleAccessor.java:104)
at java.base/java.lang.reflect.Method.invoke(Method.java:578)
at org.testng.internal.MethodInvocationHelper.invokeMethod(MethodInvocationHelper.java:133)
at org.testng.internal.TestInvoker.invokeMethod(TestInvoker.java:598)
at org.testng.internal.TestInvoker.invokeTestMethod(TestInvoker.java:173)
at org.testng.internal.MethodRunner.runInSequence(MethodRunner.java:46)
at org.testng.internal.TestInvoker$MethodInvocationAgent.invoke(TestInvoker.java:824)
at org.testng.internal.TestInvoker.invokeTestMethods(TestInvoker.java:146)
at org.testng.internal.TestMethodWorker.invokeTestMethods(TestMethodWorker.java:146)
at org.testng.internal.TestMethodWorker.run(TestMethodWorker.java:128)
at java.base/java.util.ArrayList.forEach(ArrayList.java:1511)
at org.testng.TestRunner.privateRun(TestRunner.java:794)
at org.testng.TestRunner.run(TestRunner.java:596)
at org.testng.SuiteRunner.runTest(SuiteRunner.java:377)
at org.testng.SuiteRunner.runSequentially(SuiteRunner.java:371)
at org.testng.SuiteRunner.privateRun(SuiteRunner.java:332)
at org.testng.SuiteRunner.run(SuiteRunner.java:276)
at org.testng.SuiteRunnerWorker.runSuite(SuiteRunnerWorker.java:53)
at org.testng.SuiteRunnerWorker.run(SuiteRunnerWorker.java:96)
at org.testng.TestNG.runSuitesSequentially(TestNG.java:1212)
at org.testng.TestNG.runSuitesLocally(TestNG.java:1134)
at org.testng.TestNG.runSuites(TestNG.java:1063)
at org.testng.TestNG.run(TestNG.java:1031)
at org.testng.remote.AbstractRemoteTestNG.run(AbstractRemoteTestNG.java:115)
at org.testng.remote.RemoteTestNG.initAndRun(RemoteTestNG.java:293)
at org.testng.remote.RemoteTestNG.main(RemoteTestNG.java:91)
]]>
    </error>
  </testcase> <!-- SinglephaseElectric_SE15 -->
  <system-out/>
  <testcase classname="CA_Maint_CECOR.CECOR_Ecom.TC07_SPC_SinglephaseElectr" name="SinglephaseElectric_SE15" time="8.756"/>
  <system-out/>
</testsuite> <!-- CA_Maint_CECOR.CECOR_Ecom.TC07_SPC_SinglephaseElectr -->
