<?xml version="1.0" encoding="UTF-8"?>
<!-- Generated by org.testng.reporters.JUnitReportReporter -->
<testsuite hostname="CHELENL564" failures="0" tests="4" name="CA_Maint_CECOR.CECOR_Ecom.TC12_DISP_Gravity" time="10.205" errors="0" timestamp="2024-07-09T12:32:43 IST" skipped="0">
  <testcase classname="CA_Maint_CECOR.CECOR_Ecom.TC12_DISP_Gravity" name="Gravitypowered" time="2.142"/>
  <system-out/>
  <testcase classname="CA_Maint_CECOR.CECOR_Ecom.TC12_DISP_Gravity" name="Gravitypowered" time="2.462"/>
  <system-out/>
  <testcase classname="CA_Maint_CECOR.CECOR_Ecom.TC12_DISP_Gravity" name="Gravitypowered" time="2.119"/>
  <system-out/>
  <testcase classname="CA_Maint_CECOR.CECOR_Ecom.TC12_DISP_Gravity" name="Gravitypowered" time="3.482"/>
  <system-out/>
</testsuite> <!-- CA_Maint_CECOR.CECOR_Ecom.TC12_DISP_Gravity -->
